  BasicEntityExampleApp.cpp
c:\users\scottnla\documents\anicka-hymtf-tate\dependencies\cinder\include\cinder\filesystem.h(40): warning C4996: 'std::tr2': warning STL4018: The non-Standard std::tr2::sys namespace is deprecated and will be REMOVED. It is superseded by std::filesystem. You can define _SILENCE_TR2_SYS_NAMESPACE_DEPRECATION_WARNING to acknowledge that you have received this warning.
  c:\program files (x86)\microsoft visual studio\2017\community\vc\tools\msvc\14.16.27023\include\experimental\filesystem(3238): note: see declaration of 'std::tr2'
  Unknown compiler version - please run the configure tests and report the results
cinder.lib(AppBase.obj) : warning LNK4099: PDB 'cinder.pdb' was not found with 'cinder.lib(AppBase.obj)' or at 'C:\Users\scottnla\Documents\anicka-hymtf-tate\dependencies\sitara-ecs\examples\BasicEntityExample\vc2013\build\x64\Debug\cinder.pdb'; linking object as if no debug info
cinder.lib(AppImplMsw.obj) : warning LNK4099: PDB 'cinder.pdb' was not found with 'cinder.lib(AppImplMsw.obj)' or at 'C:\Users\scottnla\Documents\anicka-hymtf-tate\dependencies\sitara-ecs\examples\BasicEntityExample\vc2013\build\x64\Debug\cinder.pdb'; linking object as if no debug info
cinder.lib(AppImplMswBasic.obj) : warning LNK4099: PDB 'cinder.pdb' was not found with 'cinder.lib(AppImplMswBasic.obj)' or at 'C:\Users\scottnla\Documents\anicka-hymtf-tate\dependencies\sitara-ecs\examples\BasicEntityExample\vc2013\build\x64\Debug\cinder.pdb'; linking object as if no debug info
cinder.lib(AppMsw.obj) : warning LNK4099: PDB 'cinder.pdb' was not found with 'cinder.lib(AppMsw.obj)' or at 'C:\Users\scottnla\Documents\anicka-hymtf-tate\dependencies\sitara-ecs\examples\BasicEntityExample\vc2013\build\x64\Debug\cinder.pdb'; linking object as if no debug info
cinder.lib(PlatformMsw.obj) : warning LNK4099: PDB 'cinder.pdb' was not found with 'cinder.lib(PlatformMsw.obj)' or at 'C:\Users\scottnla\Documents\anicka-hymtf-tate\dependencies\sitara-ecs\examples\BasicEntityExample\vc2013\build\x64\Debug\cinder.pdb'; linking object as if no debug info
cinder.lib(RendererImpl2dGdi.obj) : warning LNK4099: PDB 'cinder.pdb' was not found with 'cinder.lib(RendererImpl2dGdi.obj)' or at 'C:\Users\scottnla\Documents\anicka-hymtf-tate\dependencies\sitara-ecs\examples\BasicEntityExample\vc2013\build\x64\Debug\cinder.pdb'; linking object as if no debug info
cinder.lib(RendererImplGlMsw.obj) : warning LNK4099: PDB 'cinder.pdb' was not found with 'cinder.lib(RendererImplGlMsw.obj)' or at 'C:\Users\scottnla\Documents\anicka-hymtf-tate\dependencies\sitara-ecs\examples\BasicEntityExample\vc2013\build\x64\Debug\cinder.pdb'; linking object as if no debug info
cinder.lib(Platform.obj) : warning LNK4099: PDB 'cinder.pdb' was not found with 'cinder.lib(Platform.obj)' or at 'C:\Users\scottnla\Documents\anicka-hymtf-tate\dependencies\sitara-ecs\examples\BasicEntityExample\vc2013\build\x64\Debug\cinder.pdb'; linking object as if no debug info
cinder.lib(RendererGl.obj) : warning LNK4099: PDB 'cinder.pdb' was not found with 'cinder.lib(RendererGl.obj)' or at 'C:\Users\scottnla\Documents\anicka-hymtf-tate\dependencies\sitara-ecs\examples\BasicEntityExample\vc2013\build\x64\Debug\cinder.pdb'; linking object as if no debug info
cinder.lib(Window.obj) : warning LNK4099: PDB 'cinder.pdb' was not found with 'cinder.lib(Window.obj)' or at 'C:\Users\scottnla\Documents\anicka-hymtf-tate\dependencies\sitara-ecs\examples\BasicEntityExample\vc2013\build\x64\Debug\cinder.pdb'; linking object as if no debug info
cinder.lib(Area.obj) : warning LNK4099: PDB 'cinder.pdb' was not found with 'cinder.lib(Area.obj)' or at 'C:\Users\scottnla\Documents\anicka-hymtf-tate\dependencies\sitara-ecs\examples\BasicEntityExample\vc2013\build\x64\Debug\cinder.pdb'; linking object as if no debug info
cinder.lib(BSpline.obj) : warning LNK4099: PDB 'cinder.pdb' was not found with 'cinder.lib(BSpline.obj)' or at 'C:\Users\scottnla\Documents\anicka-hymtf-tate\dependencies\sitara-ecs\examples\BasicEntityExample\vc2013\build\x64\Debug\cinder.pdb'; linking object as if no debug info
cinder.lib(Buffer.obj) : warning LNK4099: PDB 'cinder.pdb' was not found with 'cinder.lib(Buffer.obj)' or at 'C:\Users\scottnla\Documents\anicka-hymtf-tate\dependencies\sitara-ecs\examples\BasicEntityExample\vc2013\build\x64\Debug\cinder.pdb'; linking object as if no debug info
cinder.lib(Camera.obj) : warning LNK4099: PDB 'cinder.pdb' was not found with 'cinder.lib(Camera.obj)' or at 'C:\Users\scottnla\Documents\anicka-hymtf-tate\dependencies\sitara-ecs\examples\BasicEntityExample\vc2013\build\x64\Debug\cinder.pdb'; linking object as if no debug info
cinder.lib(Channel.obj) : warning LNK4099: PDB 'cinder.pdb' was not found with 'cinder.lib(Channel.obj)' or at 'C:\Users\scottnla\Documents\anicka-hymtf-tate\dependencies\sitara-ecs\examples\BasicEntityExample\vc2013\build\x64\Debug\cinder.pdb'; linking object as if no debug info
cinder.lib(CinderAssert.obj) : warning LNK4099: PDB 'cinder.pdb' was not found with 'cinder.lib(CinderAssert.obj)' or at 'C:\Users\scottnla\Documents\anicka-hymtf-tate\dependencies\sitara-ecs\examples\BasicEntityExample\vc2013\build\x64\Debug\cinder.pdb'; linking object as if no debug info
cinder.lib(DataSource.obj) : warning LNK4099: PDB 'cinder.pdb' was not found with 'cinder.lib(DataSource.obj)' or at 'C:\Users\scottnla\Documents\anicka-hymtf-tate\dependencies\sitara-ecs\examples\BasicEntityExample\vc2013\build\x64\Debug\cinder.pdb'; linking object as if no debug info
cinder.lib(DataTarget.obj) : warning LNK4099: PDB 'cinder.pdb' was not found with 'cinder.lib(DataTarget.obj)' or at 'C:\Users\scottnla\Documents\anicka-hymtf-tate\dependencies\sitara-ecs\examples\BasicEntityExample\vc2013\build\x64\Debug\cinder.pdb'; linking object as if no debug info
cinder.lib(Display.obj) : warning LNK4099: PDB 'cinder.pdb' was not found with 'cinder.lib(Display.obj)' or at 'C:\Users\scottnla\Documents\anicka-hymtf-tate\dependencies\sitara-ecs\examples\BasicEntityExample\vc2013\build\x64\Debug\cinder.pdb'; linking object as if no debug info
cinder.lib(Exception.obj) : warning LNK4099: PDB 'cinder.pdb' was not found with 'cinder.lib(Exception.obj)' or at 'C:\Users\scottnla\Documents\anicka-hymtf-tate\dependencies\sitara-ecs\examples\BasicEntityExample\vc2013\build\x64\Debug\cinder.pdb'; linking object as if no debug info
cinder.lib(GeomIo.obj) : warning LNK4099: PDB 'cinder.pdb' was not found with 'cinder.lib(GeomIo.obj)' or at 'C:\Users\scottnla\Documents\anicka-hymtf-tate\dependencies\sitara-ecs\examples\BasicEntityExample\vc2013\build\x64\Debug\cinder.pdb'; linking object as if no debug info
cinder.lib(Batch.obj) : warning LNK4099: PDB 'cinder.pdb' was not found with 'cinder.lib(Batch.obj)' or at 'C:\Users\scottnla\Documents\anicka-hymtf-tate\dependencies\sitara-ecs\examples\BasicEntityExample\vc2013\build\x64\Debug\cinder.pdb'; linking object as if no debug info
cinder.lib(BufferObj.obj) : warning LNK4099: PDB 'cinder.pdb' was not found with 'cinder.lib(BufferObj.obj)' or at 'C:\Users\scottnla\Documents\anicka-hymtf-tate\dependencies\sitara-ecs\examples\BasicEntityExample\vc2013\build\x64\Debug\cinder.pdb'; linking object as if no debug info
cinder.lib(ConstantConversions.obj) : warning LNK4099: PDB 'cinder.pdb' was not found with 'cinder.lib(ConstantConversions.obj)' or at 'C:\Users\scottnla\Documents\anicka-hymtf-tate\dependencies\sitara-ecs\examples\BasicEntityExample\vc2013\build\x64\Debug\cinder.pdb'; linking object as if no debug info
cinder.lib(Context.obj) : warning LNK4099: PDB 'cinder.pdb' was not found with 'cinder.lib(Context.obj)' or at 'C:\Users\scottnla\Documents\anicka-hymtf-tate\dependencies\sitara-ecs\examples\BasicEntityExample\vc2013\build\x64\Debug\cinder.pdb'; linking object as if no debug info
cinder.lib(Environment.obj) : warning LNK4099: PDB 'cinder.pdb' was not found with 'cinder.lib(Environment.obj)' or at 'C:\Users\scottnla\Documents\anicka-hymtf-tate\dependencies\sitara-ecs\examples\BasicEntityExample\vc2013\build\x64\Debug\cinder.pdb'; linking object as if no debug info
cinder.lib(EnvironmentCore.obj) : warning LNK4099: PDB 'cinder.pdb' was not found with 'cinder.lib(EnvironmentCore.obj)' or at 'C:\Users\scottnla\Documents\anicka-hymtf-tate\dependencies\sitara-ecs\examples\BasicEntityExample\vc2013\build\x64\Debug\cinder.pdb'; linking object as if no debug info
cinder.lib(Fbo.obj) : warning LNK4099: PDB 'cinder.pdb' was not found with 'cinder.lib(Fbo.obj)' or at 'C:\Users\scottnla\Documents\anicka-hymtf-tate\dependencies\sitara-ecs\examples\BasicEntityExample\vc2013\build\x64\Debug\cinder.pdb'; linking object as if no debug info
cinder.lib(GlslProg.obj) : warning LNK4099: PDB 'cinder.pdb' was not found with 'cinder.lib(GlslProg.obj)' or at 'C:\Users\scottnla\Documents\anicka-hymtf-tate\dependencies\sitara-ecs\examples\BasicEntityExample\vc2013\build\x64\Debug\cinder.pdb'; linking object as if no debug info
cinder.lib(scoped.obj) : warning LNK4099: PDB 'cinder.pdb' was not found with 'cinder.lib(scoped.obj)' or at 'C:\Users\scottnla\Documents\anicka-hymtf-tate\dependencies\sitara-ecs\examples\BasicEntityExample\vc2013\build\x64\Debug\cinder.pdb'; linking object as if no debug info
cinder.lib(Shader.obj) : warning LNK4099: PDB 'cinder.pdb' was not found with 'cinder.lib(Shader.obj)' or at 'C:\Users\scottnla\Documents\anicka-hymtf-tate\dependencies\sitara-ecs\examples\BasicEntityExample\vc2013\build\x64\Debug\cinder.pdb'; linking object as if no debug info
cinder.lib(ShaderPreprocessor.obj) : warning LNK4099: PDB 'cinder.pdb' was not found with 'cinder.lib(ShaderPreprocessor.obj)' or at 'C:\Users\scottnla\Documents\anicka-hymtf-tate\dependencies\sitara-ecs\examples\BasicEntityExample\vc2013\build\x64\Debug\cinder.pdb'; linking object as if no debug info
cinder.lib(Texture.obj) : warning LNK4099: PDB 'cinder.pdb' was not found with 'cinder.lib(Texture.obj)' or at 'C:\Users\scottnla\Documents\anicka-hymtf-tate\dependencies\sitara-ecs\examples\BasicEntityExample\vc2013\build\x64\Debug\cinder.pdb'; linking object as if no debug info
cinder.lib(TextureFormatParsers.obj) : warning LNK4099: PDB 'cinder.pdb' was not found with 'cinder.lib(TextureFormatParsers.obj)' or at 'C:\Users\scottnla\Documents\anicka-hymtf-tate\dependencies\sitara-ecs\examples\BasicEntityExample\vc2013\build\x64\Debug\cinder.pdb'; linking object as if no debug info
cinder.lib(TransformFeedbackObj.obj) : warning LNK4099: PDB 'cinder.pdb' was not found with 'cinder.lib(TransformFeedbackObj.obj)' or at 'C:\Users\scottnla\Documents\anicka-hymtf-tate\dependencies\sitara-ecs\examples\BasicEntityExample\vc2013\build\x64\Debug\cinder.pdb'; linking object as if no debug info
cinder.lib(Vao.obj) : warning LNK4099: PDB 'cinder.pdb' was not found with 'cinder.lib(Vao.obj)' or at 'C:\Users\scottnla\Documents\anicka-hymtf-tate\dependencies\sitara-ecs\examples\BasicEntityExample\vc2013\build\x64\Debug\cinder.pdb'; linking object as if no debug info
cinder.lib(VaoImplCore.obj) : warning LNK4099: PDB 'cinder.pdb' was not found with 'cinder.lib(VaoImplCore.obj)' or at 'C:\Users\scottnla\Documents\anicka-hymtf-tate\dependencies\sitara-ecs\examples\BasicEntityExample\vc2013\build\x64\Debug\cinder.pdb'; linking object as if no debug info
cinder.lib(Vbo.obj) : warning LNK4099: PDB 'cinder.pdb' was not found with 'cinder.lib(Vbo.obj)' or at 'C:\Users\scottnla\Documents\anicka-hymtf-tate\dependencies\sitara-ecs\examples\BasicEntityExample\vc2013\build\x64\Debug\cinder.pdb'; linking object as if no debug info
cinder.lib(VboMesh.obj) : warning LNK4099: PDB 'cinder.pdb' was not found with 'cinder.lib(VboMesh.obj)' or at 'C:\Users\scottnla\Documents\anicka-hymtf-tate\dependencies\sitara-ecs\examples\BasicEntityExample\vc2013\build\x64\Debug\cinder.pdb'; linking object as if no debug info
cinder.lib(wrapper.obj) : warning LNK4099: PDB 'cinder.pdb' was not found with 'cinder.lib(wrapper.obj)' or at 'C:\Users\scottnla\Documents\anicka-hymtf-tate\dependencies\sitara-ecs\examples\BasicEntityExample\vc2013\build\x64\Debug\cinder.pdb'; linking object as if no debug info
cinder.lib(ImageFileTinyExr.obj) : warning LNK4099: PDB 'cinder.pdb' was not found with 'cinder.lib(ImageFileTinyExr.obj)' or at 'C:\Users\scottnla\Documents\anicka-hymtf-tate\dependencies\sitara-ecs\examples\BasicEntityExample\vc2013\build\x64\Debug\cinder.pdb'; linking object as if no debug info
cinder.lib(ImageIo.obj) : warning LNK4099: PDB 'cinder.pdb' was not found with 'cinder.lib(ImageIo.obj)' or at 'C:\Users\scottnla\Documents\anicka-hymtf-tate\dependencies\sitara-ecs\examples\BasicEntityExample\vc2013\build\x64\Debug\cinder.pdb'; linking object as if no debug info
cinder.lib(ImageSourceFileRadiance.obj) : warning LNK4099: PDB 'cinder.pdb' was not found with 'cinder.lib(ImageSourceFileRadiance.obj)' or at 'C:\Users\scottnla\Documents\anicka-hymtf-tate\dependencies\sitara-ecs\examples\BasicEntityExample\vc2013\build\x64\Debug\cinder.pdb'; linking object as if no debug info
cinder.lib(ImageSourceFileStbImage.obj) : warning LNK4099: PDB 'cinder.pdb' was not found with 'cinder.lib(ImageSourceFileStbImage.obj)' or at 'C:\Users\scottnla\Documents\anicka-hymtf-tate\dependencies\sitara-ecs\examples\BasicEntityExample\vc2013\build\x64\Debug\cinder.pdb'; linking object as if no debug info
cinder.lib(ImageSourceFileWic.obj) : warning LNK4099: PDB 'cinder.pdb' was not found with 'cinder.lib(ImageSourceFileWic.obj)' or at 'C:\Users\scottnla\Documents\anicka-hymtf-tate\dependencies\sitara-ecs\examples\BasicEntityExample\vc2013\build\x64\Debug\cinder.pdb'; linking object as if no debug info
cinder.lib(ImageTargetFileStbImage.obj) : warning LNK4099: PDB 'cinder.pdb' was not found with 'cinder.lib(ImageTargetFileStbImage.obj)' or at 'C:\Users\scottnla\Documents\anicka-hymtf-tate\dependencies\sitara-ecs\examples\BasicEntityExample\vc2013\build\x64\Debug\cinder.pdb'; linking object as if no debug info
cinder.lib(ImageTargetFileWic.obj) : warning LNK4099: PDB 'cinder.pdb' was not found with 'cinder.lib(ImageTargetFileWic.obj)' or at 'C:\Users\scottnla\Documents\anicka-hymtf-tate\dependencies\sitara-ecs\examples\BasicEntityExample\vc2013\build\x64\Debug\cinder.pdb'; linking object as if no debug info
cinder.lib(CinderMath.obj) : warning LNK4099: PDB 'cinder.pdb' was not found with 'cinder.lib(CinderMath.obj)' or at 'C:\Users\scottnla\Documents\anicka-hymtf-tate\dependencies\sitara-ecs\examples\BasicEntityExample\vc2013\build\x64\Debug\cinder.pdb'; linking object as if no debug info
cinder.lib(Log.obj) : warning LNK4099: PDB 'cinder.pdb' was not found with 'cinder.lib(Log.obj)' or at 'C:\Users\scottnla\Documents\anicka-hymtf-tate\dependencies\sitara-ecs\examples\BasicEntityExample\vc2013\build\x64\Debug\cinder.pdb'; linking object as if no debug info
cinder.lib(Matrix.obj) : warning LNK4099: PDB 'cinder.pdb' was not found with 'cinder.lib(Matrix.obj)' or at 'C:\Users\scottnla\Documents\anicka-hymtf-tate\dependencies\sitara-ecs\examples\BasicEntityExample\vc2013\build\x64\Debug\cinder.pdb'; linking object as if no debug info
cinder.lib(Path2D.obj) : warning LNK4099: PDB 'cinder.pdb' was not found with 'cinder.lib(Path2D.obj)' or at 'C:\Users\scottnla\Documents\anicka-hymtf-tate\dependencies\sitara-ecs\examples\BasicEntityExample\vc2013\build\x64\Debug\cinder.pdb'; linking object as if no debug info
cinder.lib(Rect.obj) : warning LNK4099: PDB 'cinder.pdb' was not found with 'cinder.lib(Rect.obj)' or at 'C:\Users\scottnla\Documents\anicka-hymtf-tate\dependencies\sitara-ecs\examples\BasicEntityExample\vc2013\build\x64\Debug\cinder.pdb'; linking object as if no debug info
cinder.lib(Signals.obj) : warning LNK4099: PDB 'cinder.pdb' was not found with 'cinder.lib(Signals.obj)' or at 'C:\Users\scottnla\Documents\anicka-hymtf-tate\dependencies\sitara-ecs\examples\BasicEntityExample\vc2013\build\x64\Debug\cinder.pdb'; linking object as if no debug info
cinder.lib(Sphere.obj) : warning LNK4099: PDB 'cinder.pdb' was not found with 'cinder.lib(Sphere.obj)' or at 'C:\Users\scottnla\Documents\anicka-hymtf-tate\dependencies\sitara-ecs\examples\BasicEntityExample\vc2013\build\x64\Debug\cinder.pdb'; linking object as if no debug info
cinder.lib(Stream.obj) : warning LNK4099: PDB 'cinder.pdb' was not found with 'cinder.lib(Stream.obj)' or at 'C:\Users\scottnla\Documents\anicka-hymtf-tate\dependencies\sitara-ecs\examples\BasicEntityExample\vc2013\build\x64\Debug\cinder.pdb'; linking object as if no debug info
cinder.lib(Surface.obj) : warning LNK4099: PDB 'cinder.pdb' was not found with 'cinder.lib(Surface.obj)' or at 'C:\Users\scottnla\Documents\anicka-hymtf-tate\dependencies\sitara-ecs\examples\BasicEntityExample\vc2013\build\x64\Debug\cinder.pdb'; linking object as if no debug info
cinder.lib(System.obj) : warning LNK4099: PDB 'cinder.pdb' was not found with 'cinder.lib(System.obj)' or at 'C:\Users\scottnla\Documents\anicka-hymtf-tate\dependencies\sitara-ecs\examples\BasicEntityExample\vc2013\build\x64\Debug\cinder.pdb'; linking object as if no debug info
cinder.lib(Timeline.obj) : warning LNK4099: PDB 'cinder.pdb' was not found with 'cinder.lib(Timeline.obj)' or at 'C:\Users\scottnla\Documents\anicka-hymtf-tate\dependencies\sitara-ecs\examples\BasicEntityExample\vc2013\build\x64\Debug\cinder.pdb'; linking object as if no debug info
cinder.lib(TimelineItem.obj) : warning LNK4099: PDB 'cinder.pdb' was not found with 'cinder.lib(TimelineItem.obj)' or at 'C:\Users\scottnla\Documents\anicka-hymtf-tate\dependencies\sitara-ecs\examples\BasicEntityExample\vc2013\build\x64\Debug\cinder.pdb'; linking object as if no debug info
cinder.lib(Timer.obj) : warning LNK4099: PDB 'cinder.pdb' was not found with 'cinder.lib(Timer.obj)' or at 'C:\Users\scottnla\Documents\anicka-hymtf-tate\dependencies\sitara-ecs\examples\BasicEntityExample\vc2013\build\x64\Debug\cinder.pdb'; linking object as if no debug info
cinder.lib(Triangulate.obj) : warning LNK4099: PDB 'cinder.pdb' was not found with 'cinder.lib(Triangulate.obj)' or at 'C:\Users\scottnla\Documents\anicka-hymtf-tate\dependencies\sitara-ecs\examples\BasicEntityExample\vc2013\build\x64\Debug\cinder.pdb'; linking object as if no debug info
cinder.lib(TriMesh.obj) : warning LNK4099: PDB 'cinder.pdb' was not found with 'cinder.lib(TriMesh.obj)' or at 'C:\Users\scottnla\Documents\anicka-hymtf-tate\dependencies\sitara-ecs\examples\BasicEntityExample\vc2013\build\x64\Debug\cinder.pdb'; linking object as if no debug info
cinder.lib(Unicode.obj) : warning LNK4099: PDB 'cinder.pdb' was not found with 'cinder.lib(Unicode.obj)' or at 'C:\Users\scottnla\Documents\anicka-hymtf-tate\dependencies\sitara-ecs\examples\BasicEntityExample\vc2013\build\x64\Debug\cinder.pdb'; linking object as if no debug info
cinder.lib(Url.obj) : warning LNK4099: PDB 'cinder.pdb' was not found with 'cinder.lib(Url.obj)' or at 'C:\Users\scottnla\Documents\anicka-hymtf-tate\dependencies\sitara-ecs\examples\BasicEntityExample\vc2013\build\x64\Debug\cinder.pdb'; linking object as if no debug info
cinder.lib(UrlImplWinInet.obj) : warning LNK4099: PDB 'cinder.pdb' was not found with 'cinder.lib(UrlImplWinInet.obj)' or at 'C:\Users\scottnla\Documents\anicka-hymtf-tate\dependencies\sitara-ecs\examples\BasicEntityExample\vc2013\build\x64\Debug\cinder.pdb'; linking object as if no debug info
cinder.lib(Utilities.obj) : warning LNK4099: PDB 'cinder.pdb' was not found with 'cinder.lib(Utilities.obj)' or at 'C:\Users\scottnla\Documents\anicka-hymtf-tate\dependencies\sitara-ecs\examples\BasicEntityExample\vc2013\build\x64\Debug\cinder.pdb'; linking object as if no debug info
cinder.lib(KeyEvent.obj) : warning LNK4099: PDB 'cinder.pdb' was not found with 'cinder.lib(KeyEvent.obj)' or at 'C:\Users\scottnla\Documents\anicka-hymtf-tate\dependencies\sitara-ecs\examples\BasicEntityExample\vc2013\build\x64\Debug\cinder.pdb'; linking object as if no debug info
cinder.lib(Renderer.obj) : warning LNK4099: PDB 'cinder.pdb' was not found with 'cinder.lib(Renderer.obj)' or at 'C:\Users\scottnla\Documents\anicka-hymtf-tate\dependencies\sitara-ecs\examples\BasicEntityExample\vc2013\build\x64\Debug\cinder.pdb'; linking object as if no debug info
cinder.lib(Fill.obj) : warning LNK4099: PDB 'cinder.pdb' was not found with 'cinder.lib(Fill.obj)' or at 'C:\Users\scottnla\Documents\anicka-hymtf-tate\dependencies\sitara-ecs\examples\BasicEntityExample\vc2013\build\x64\Debug\cinder.pdb'; linking object as if no debug info
cinder.lib(Flip.obj) : warning LNK4099: PDB 'cinder.pdb' was not found with 'cinder.lib(Flip.obj)' or at 'C:\Users\scottnla\Documents\anicka-hymtf-tate\dependencies\sitara-ecs\examples\BasicEntityExample\vc2013\build\x64\Debug\cinder.pdb'; linking object as if no debug info
cinder.lib(CinderMsw.obj) : warning LNK4099: PDB 'cinder.pdb' was not found with 'cinder.lib(CinderMsw.obj)' or at 'C:\Users\scottnla\Documents\anicka-hymtf-tate\dependencies\sitara-ecs\examples\BasicEntityExample\vc2013\build\x64\Debug\cinder.pdb'; linking object as if no debug info
cinder.lib(StackWalker.obj) : warning LNK4099: PDB 'cinder.pdb' was not found with 'cinder.lib(StackWalker.obj)' or at 'C:\Users\scottnla\Documents\anicka-hymtf-tate\dependencies\sitara-ecs\examples\BasicEntityExample\vc2013\build\x64\Debug\cinder.pdb'; linking object as if no debug info
cinder.lib(gl_load.obj) : warning LNK4099: PDB 'cinder.pdb' was not found with 'cinder.lib(gl_load.obj)' or at 'C:\Users\scottnla\Documents\anicka-hymtf-tate\dependencies\sitara-ecs\examples\BasicEntityExample\vc2013\build\x64\Debug\cinder.pdb'; linking object as if no debug info
cinder.lib(gl_load_cpp.obj) : warning LNK4099: PDB 'cinder.pdb' was not found with 'cinder.lib(gl_load_cpp.obj)' or at 'C:\Users\scottnla\Documents\anicka-hymtf-tate\dependencies\sitara-ecs\examples\BasicEntityExample\vc2013\build\x64\Debug\cinder.pdb'; linking object as if no debug info
cinder.lib(wgl_load.obj) : warning LNK4099: PDB 'cinder.pdb' was not found with 'cinder.lib(wgl_load.obj)' or at 'C:\Users\scottnla\Documents\anicka-hymtf-tate\dependencies\sitara-ecs\examples\BasicEntityExample\vc2013\build\x64\Debug\cinder.pdb'; linking object as if no debug info
cinder.lib(wgl_load_cpp.obj) : warning LNK4099: PDB 'cinder.pdb' was not found with 'cinder.lib(wgl_load_cpp.obj)' or at 'C:\Users\scottnla\Documents\anicka-hymtf-tate\dependencies\sitara-ecs\examples\BasicEntityExample\vc2013\build\x64\Debug\cinder.pdb'; linking object as if no debug info
cinder.lib(bucketalloc.obj) : warning LNK4099: PDB 'cinder.pdb' was not found with 'cinder.lib(bucketalloc.obj)' or at 'C:\Users\scottnla\Documents\anicka-hymtf-tate\dependencies\sitara-ecs\examples\BasicEntityExample\vc2013\build\x64\Debug\cinder.pdb'; linking object as if no debug info
cinder.lib(dict.obj) : warning LNK4099: PDB 'cinder.pdb' was not found with 'cinder.lib(dict.obj)' or at 'C:\Users\scottnla\Documents\anicka-hymtf-tate\dependencies\sitara-ecs\examples\BasicEntityExample\vc2013\build\x64\Debug\cinder.pdb'; linking object as if no debug info
cinder.lib(geom.obj) : warning LNK4099: PDB 'cinder.pdb' was not found with 'cinder.lib(geom.obj)' or at 'C:\Users\scottnla\Documents\anicka-hymtf-tate\dependencies\sitara-ecs\examples\BasicEntityExample\vc2013\build\x64\Debug\cinder.pdb'; linking object as if no debug info
cinder.lib(mesh.obj) : warning LNK4099: PDB 'cinder.pdb' was not found with 'cinder.lib(mesh.obj)' or at 'C:\Users\scottnla\Documents\anicka-hymtf-tate\dependencies\sitara-ecs\examples\BasicEntityExample\vc2013\build\x64\Debug\cinder.pdb'; linking object as if no debug info
cinder.lib(priorityq.obj) : warning LNK4099: PDB 'cinder.pdb' was not found with 'cinder.lib(priorityq.obj)' or at 'C:\Users\scottnla\Documents\anicka-hymtf-tate\dependencies\sitara-ecs\examples\BasicEntityExample\vc2013\build\x64\Debug\cinder.pdb'; linking object as if no debug info
cinder.lib(sweep.obj) : warning LNK4099: PDB 'cinder.pdb' was not found with 'cinder.lib(sweep.obj)' or at 'C:\Users\scottnla\Documents\anicka-hymtf-tate\dependencies\sitara-ecs\examples\BasicEntityExample\vc2013\build\x64\Debug\cinder.pdb'; linking object as if no debug info
cinder.lib(tess.obj) : warning LNK4099: PDB 'cinder.pdb' was not found with 'cinder.lib(tess.obj)' or at 'C:\Users\scottnla\Documents\anicka-hymtf-tate\dependencies\sitara-ecs\examples\BasicEntityExample\vc2013\build\x64\Debug\cinder.pdb'; linking object as if no debug info
cinder.lib(linebreak.obj) : warning LNK4099: PDB 'cinder.pdb' was not found with 'cinder.lib(linebreak.obj)' or at 'C:\Users\scottnla\Documents\anicka-hymtf-tate\dependencies\sitara-ecs\examples\BasicEntityExample\vc2013\build\x64\Debug\cinder.pdb'; linking object as if no debug info
cinder.lib(linebreakdata.obj) : warning LNK4099: PDB 'cinder.pdb' was not found with 'cinder.lib(linebreakdata.obj)' or at 'C:\Users\scottnla\Documents\anicka-hymtf-tate\dependencies\sitara-ecs\examples\BasicEntityExample\vc2013\build\x64\Debug\cinder.pdb'; linking object as if no debug info
cinder.lib(linebreakdef.obj) : warning LNK4099: PDB 'cinder.pdb' was not found with 'cinder.lib(linebreakdef.obj)' or at 'C:\Users\scottnla\Documents\anicka-hymtf-tate\dependencies\sitara-ecs\examples\BasicEntityExample\vc2013\build\x64\Debug\cinder.pdb'; linking object as if no debug info
cinder.lib(tinyexr.obj) : warning LNK4099: PDB 'cinder.pdb' was not found with 'cinder.lib(tinyexr.obj)' or at 'C:\Users\scottnla\Documents\anicka-hymtf-tate\dependencies\sitara-ecs\examples\BasicEntityExample\vc2013\build\x64\Debug\cinder.pdb'; linking object as if no debug info
cinder.lib(adler32.obj) : warning LNK4099: PDB 'cinder.pdb' was not found with 'cinder.lib(adler32.obj)' or at 'C:\Users\scottnla\Documents\anicka-hymtf-tate\dependencies\sitara-ecs\examples\BasicEntityExample\vc2013\build\x64\Debug\cinder.pdb'; linking object as if no debug info
cinder.lib(compress.obj) : warning LNK4099: PDB 'cinder.pdb' was not found with 'cinder.lib(compress.obj)' or at 'C:\Users\scottnla\Documents\anicka-hymtf-tate\dependencies\sitara-ecs\examples\BasicEntityExample\vc2013\build\x64\Debug\cinder.pdb'; linking object as if no debug info
cinder.lib(crc32.obj) : warning LNK4099: PDB 'cinder.pdb' was not found with 'cinder.lib(crc32.obj)' or at 'C:\Users\scottnla\Documents\anicka-hymtf-tate\dependencies\sitara-ecs\examples\BasicEntityExample\vc2013\build\x64\Debug\cinder.pdb'; linking object as if no debug info
cinder.lib(deflate.obj) : warning LNK4099: PDB 'cinder.pdb' was not found with 'cinder.lib(deflate.obj)' or at 'C:\Users\scottnla\Documents\anicka-hymtf-tate\dependencies\sitara-ecs\examples\BasicEntityExample\vc2013\build\x64\Debug\cinder.pdb'; linking object as if no debug info
cinder.lib(inffast.obj) : warning LNK4099: PDB 'cinder.pdb' was not found with 'cinder.lib(inffast.obj)' or at 'C:\Users\scottnla\Documents\anicka-hymtf-tate\dependencies\sitara-ecs\examples\BasicEntityExample\vc2013\build\x64\Debug\cinder.pdb'; linking object as if no debug info
cinder.lib(inflate.obj) : warning LNK4099: PDB 'cinder.pdb' was not found with 'cinder.lib(inflate.obj)' or at 'C:\Users\scottnla\Documents\anicka-hymtf-tate\dependencies\sitara-ecs\examples\BasicEntityExample\vc2013\build\x64\Debug\cinder.pdb'; linking object as if no debug info
cinder.lib(inftrees.obj) : warning LNK4099: PDB 'cinder.pdb' was not found with 'cinder.lib(inftrees.obj)' or at 'C:\Users\scottnla\Documents\anicka-hymtf-tate\dependencies\sitara-ecs\examples\BasicEntityExample\vc2013\build\x64\Debug\cinder.pdb'; linking object as if no debug info
cinder.lib(trees.obj) : warning LNK4099: PDB 'cinder.pdb' was not found with 'cinder.lib(trees.obj)' or at 'C:\Users\scottnla\Documents\anicka-hymtf-tate\dependencies\sitara-ecs\examples\BasicEntityExample\vc2013\build\x64\Debug\cinder.pdb'; linking object as if no debug info
cinder.lib(zutil.obj) : warning LNK4099: PDB 'cinder.pdb' was not found with 'cinder.lib(zutil.obj)' or at 'C:\Users\scottnla\Documents\anicka-hymtf-tate\dependencies\sitara-ecs\examples\BasicEntityExample\vc2013\build\x64\Debug\cinder.pdb'; linking object as if no debug info
  BasicEntityExample.vcxproj -> C:\Users\scottnla\Documents\anicka-hymtf-tate\dependencies\sitara-ecs\examples\BasicEntityExample\vc2013\build\x64\Debug\BasicEntityExample.exe
